internship_tasks/myarogya_mydoctor/build/app/intermediates/manifest_merge_blame_file/release/manifest-merger-blame-release-report.txt
1<?xml version="1.0" encoding="utf-8"?>
2<manifest xmlns:android="http://schemas.android.com/apk/res/android"
3    package="com.example.myarogya_mydoctor"
4    android:versionCode="1"
5    android:versionName="1.0.0" >
6
7    <uses-sdk
8        android:minSdkVersion="21"
8-->src\main\AndroidManifest.xml
9        android:targetSdkVersion="28" />
9-->src\main\AndroidManifest.xml
10    <!--
11         io.flutter.app.FlutterApplication is an android.app.Application that
12         calls FlutterMain.startInitialization(this); in its onCreate method.
13         In most cases you can leave this as-is, but you if you want to provide
14         additional functionality it is fine to subclass or reimplement
15         FlutterApplication and put your custom class here.
16    -->
17    <uses-permission android:name="android.permission.READ_CONTACTS" />
17-->src\main\AndroidManifest.xml:8:5-71
17-->src\main\AndroidManifest.xml:8:22-69
18    <uses-permission android:name="android.permission.WRITE_CONTACTS" />
18-->src\main\AndroidManifest.xml:9:5-72
18-->src\main\AndroidManifest.xml:9:22-70
19    <uses-permission android:name="android.permission.GET_ACCOUNTS" />
19-->src\main\AndroidManifest.xml:10:5-70
19-->src\main\AndroidManifest.xml:10:22-68
20    <uses-permission android:name="android.permission.INTERNET" />
20-->src\main\AndroidManifest.xml:11:5-66
20-->src\main\AndroidManifest.xml:11:22-64
21    <uses-permission android:name="android.permission.CAMERA" />
21-->[:barcode_scan] AndroidManifest.xml:11:5-65
21-->[:barcode_scan] AndroidManifest.xml:11:22-62
22    <uses-permission android:name="android.permission.READ_EXTERNAL_STORAGE" />
22-->[:image_picker] AndroidManifest.xml:7:5-80
22-->[:image_picker] AndroidManifest.xml:7:22-77
23    <uses-permission android:name="android.permission.WRITE_EXTERNAL_STORAGE" /> <!-- Although the *SdkVersion is captured in gradle build files, this is required for non gradle builds -->
23-->[:image_picker] AndroidManifest.xml:8:5-81
23-->[:image_picker] AndroidManifest.xml:8:22-78
24    <!-- <uses-sdk android:minSdkVersion="14" /> -->
25    <uses-permission android:name="android.permission.ACCESS_NETWORK_STATE" />
25-->[com.google.firebase:firebase-firestore:21.3.0] AndroidManifest.xml:13:5-79
25-->[com.google.firebase:firebase-firestore:21.3.0] AndroidManifest.xml:13:22-76
26    <uses-permission android:name="android.permission.WAKE_LOCK" />
26-->[com.google.android.gms:play-services-measurement:17.5.0] AndroidManifest.xml:25:5-68
26-->[com.google.android.gms:play-services-measurement:17.5.0] AndroidManifest.xml:25:22-65
27    <uses-permission android:name="com.google.android.finsky.permission.BIND_GET_INSTALL_REFERRER_SERVICE" /> <!-- Required by older versions of Google Play services to create IID tokens -->
27-->[com.google.android.gms:play-services-measurement:17.5.0] AndroidManifest.xml:26:5-110
27-->[com.google.android.gms:play-services-measurement:17.5.0] AndroidManifest.xml:26:22-107
28    <uses-permission android:name="com.google.android.c2dm.permission.RECEIVE" />
28-->[com.google.firebase:firebase-iid:20.3.0] AndroidManifest.xml:26:5-82
28-->[com.google.firebase:firebase-iid:20.3.0] AndroidManifest.xml:26:22-79
29
30    <application
30-->src\main\AndroidManifest.xml:12:5-56:19
31        android:name="io.flutter.app.FlutterApplication"
31-->src\main\AndroidManifest.xml:13:9-57
32        android:appComponentFactory="androidx.core.app.CoreComponentFactory"
32-->[androidx.core:core:1.1.0] AndroidManifest.xml:24:18-86
33        android:icon="@mipmap/ic_launcher"
33-->src\main\AndroidManifest.xml:15:9-43
34        android:label="myarogya_mydoctor" >
34-->src\main\AndroidManifest.xml:14:9-42
35        <activity
35-->src\main\AndroidManifest.xml:16:9-49:20
36            android:name="com.example.myarogya_mydoctor.MainActivity"
36-->src\main\AndroidManifest.xml:17:13-41
37            android:configChanges="orientation|keyboardHidden|keyboard|screenSize|smallestScreenSize|locale|layoutDirection|fontScale|screenLayout|density|uiMode"
37-->src\main\AndroidManifest.xml:20:13-163
38            android:hardwareAccelerated="true"
38-->src\main\AndroidManifest.xml:21:13-47
39            android:launchMode="singleTop"
39-->src\main\AndroidManifest.xml:18:13-43
40            android:theme="@style/LaunchTheme"
40-->src\main\AndroidManifest.xml:19:13-47
41            android:windowSoftInputMode="adjustResize" >
41-->src\main\AndroidManifest.xml:22:13-55
42
43            <!--
44                 Specifies an Android theme to apply to this Activity as soon as
45                 the Android process has started. This theme is visible to the user
46                 while the Flutter UI initializes. After that, this theme continues
47                 to determine the Window background behind the Flutter UI.
48            -->
49            <meta-data
49-->src\main\AndroidManifest.xml:27:13-30:17
50                android:name="io.flutter.embedding.android.NormalTheme"
50-->src\main\AndroidManifest.xml:28:15-70
51                android:resource="@style/NormalTheme" />
51-->src\main\AndroidManifest.xml:29:15-52
52            <!--
53                 Displays an Android View that continues showing the launch screen
54                 Drawable until Flutter paints its first frame, then this splash
55                 screen fades out. A splash screen is useful to avoid any visual
56                 gap between the end of Android's launch screen and the painting of
57                 Flutter's first frame.
58            -->
59            <meta-data
59-->src\main\AndroidManifest.xml:36:13-39:17
60                android:name="io.flutter.embedding.android.SplashScreenDrawable"
60-->src\main\AndroidManifest.xml:37:15-79
61                android:resource="@drawable/launch_background" />
61-->src\main\AndroidManifest.xml:38:15-61
62
63            <intent-filter>
63-->src\main\AndroidManifest.xml:40:13-43:29
64                <action android:name="android.intent.action.MAIN" />
64-->src\main\AndroidManifest.xml:41:17-68
64-->src\main\AndroidManifest.xml:41:25-66
65
66                <category android:name="android.intent.category.LAUNCHER" />
66-->src\main\AndroidManifest.xml:42:17-76
66-->src\main\AndroidManifest.xml:42:27-74
67            </intent-filter>
68            <intent-filter>
68-->src\main\AndroidManifest.xml:45:13-48:29
69                <action android:name="FLUTTER_NOTIFICATION_CLICK" />
69-->src\main\AndroidManifest.xml:46:17-68
69-->src\main\AndroidManifest.xml:46:25-66
70
71                <category android:name="android.intent.category.DEFAULT" />
71-->src\main\AndroidManifest.xml:47:17-75
71-->src\main\AndroidManifest.xml:47:27-73
72            </intent-filter>
73        </activity>
74
75        <!--
76             Don't delete the meta-data below.
77             This is used by the Flutter tool to generate GeneratedPluginRegistrant.java
78        -->
79        <meta-data
79-->src\main\AndroidManifest.xml:53:9-55:33
80            android:name="flutterEmbedding"
80-->src\main\AndroidManifest.xml:54:13-44
81            android:value="2" />
81-->src\main\AndroidManifest.xml:55:13-30
82
83        <activity android:name="de.mintware.barcode_scan.BarcodeScannerActivity" />
83-->[:barcode_scan] AndroidManifest.xml:14:9-84
83-->[:barcode_scan] AndroidManifest.xml:14:19-81
84
85        <service
85-->[:firebase_auth] AndroidManifest.xml:8:9-12:19
86            android:name="com.google.firebase.components.ComponentDiscoveryService"
86-->[:firebase_auth] AndroidManifest.xml:8:18-89
87            android:directBootAware="true"
87-->[com.google.firebase:firebase-common:19.3.0] AndroidManifest.xml:34:13-43
88            android:exported="false" >
88-->[com.google.firebase:firebase-auth:19.3.2] AndroidManifest.xml:35:13-37
89            <meta-data
89-->[:firebase_auth] AndroidManifest.xml:9:13-11:85
90                android:name="com.google.firebase.components:io.flutter.plugins.firebaseauth.FlutterFirebaseAppRegistrar"
90-->[:firebase_auth] AndroidManifest.xml:10:17-122
91                android:value="com.google.firebase.components.ComponentRegistrar" />
91-->[:firebase_auth] AndroidManifest.xml:11:17-82
92            <meta-data
92-->[com.google.firebase:firebase-auth:19.3.2] AndroidManifest.xml:36:13-38:85
93                android:name="com.google.firebase.components:com.google.firebase.auth.FirebaseAuthRegistrar"
93-->[com.google.firebase:firebase-auth:19.3.2] AndroidManifest.xml:37:17-109
94                android:value="com.google.firebase.components.ComponentRegistrar" />
94-->[com.google.firebase:firebase-auth:19.3.2] AndroidManifest.xml:38:17-82
95            <meta-data
95-->[:firebase_messaging] AndroidManifest.xml:14:13-16:85
96                android:name="com.google.firebase.components:io.flutter.plugins.firebasemessaging.FlutterFirebaseAppRegistrar"
96-->[:firebase_messaging] AndroidManifest.xml:15:17-127
97                android:value="com.google.firebase.components.ComponentRegistrar" />
97-->[:firebase_messaging] AndroidManifest.xml:16:17-82
98            <meta-data
98-->[com.google.firebase:firebase-messaging:20.3.0] AndroidManifest.xml:39:13-41:85
99                android:name="com.google.firebase.components:com.google.firebase.messaging.FirebaseMessagingRegistrar"
99-->[com.google.firebase:firebase-messaging:20.3.0] AndroidManifest.xml:40:17-119
100                android:value="com.google.firebase.components.ComponentRegistrar" />
100-->[com.google.firebase:firebase-messaging:20.3.0] AndroidManifest.xml:41:17-82
101            <meta-data
101-->[:firebase_storage] AndroidManifest.xml:9:13-11:85
102                android:name="com.google.firebase.components:io.flutter.plugins.firebase.storage.FlutterFirebaseAppRegistrar"
102-->[:firebase_storage] AndroidManifest.xml:10:17-126
103                android:value="com.google.firebase.components.ComponentRegistrar" />
103-->[:firebase_storage] AndroidManifest.xml:11:17-82
104            <meta-data
104-->[:cloud_firestore] AndroidManifest.xml:9:13-11:85
105                android:name="com.google.firebase.components:io.flutter.plugins.firebase.cloudfirestore.FlutterFirebaseAppRegistrar"
105-->[:cloud_firestore] AndroidManifest.xml:10:17-133
106                android:value="com.google.firebase.components.ComponentRegistrar" />
106-->[:cloud_firestore] AndroidManifest.xml:11:17-82
107            <meta-data
107-->[:firebase_database] AndroidManifest.xml:9:13-11:85
108                android:name="com.google.firebase.components:io.flutter.plugins.firebase.database.FlutterFirebaseAppRegistrar"
108-->[:firebase_database] AndroidManifest.xml:10:17-127
109                android:value="com.google.firebase.components.ComponentRegistrar" />
109-->[:firebase_database] AndroidManifest.xml:11:17-82
110            <meta-data
110-->[:firebase_core] AndroidManifest.xml:9:13-11:85
111                android:name="com.google.firebase.components:io.flutter.plugins.firebase.core.FlutterFirebaseAppRegistrar"
111-->[:firebase_core] AndroidManifest.xml:10:17-123
112                android:value="com.google.firebase.components.ComponentRegistrar" />
112-->[:firebase_core] AndroidManifest.xml:11:17-82
113            <meta-data
113-->[com.google.firebase:firebase-firestore:21.3.0] AndroidManifest.xml:20:13-22:85
114                android:name="com.google.firebase.components:com.google.firebase.firestore.FirestoreRegistrar"
114-->[com.google.firebase:firebase-firestore:21.3.0] AndroidManifest.xml:21:17-111
115                android:value="com.google.firebase.components.ComponentRegistrar" />
115-->[com.google.firebase:firebase-firestore:21.3.0] AndroidManifest.xml:22:17-82
116            <meta-data
116-->[com.google.android.gms:play-services-measurement-api:17.5.0] AndroidManifest.xml:30:13-32:85
117                android:name="com.google.firebase.components:com.google.firebase.analytics.connector.internal.AnalyticsConnectorRegistrar"
117-->[com.google.android.gms:play-services-measurement-api:17.5.0] AndroidManifest.xml:31:17-139
118                android:value="com.google.firebase.components.ComponentRegistrar" />
118-->[com.google.android.gms:play-services-measurement-api:17.5.0] AndroidManifest.xml:32:17-82
119            <meta-data
119-->[com.google.firebase:firebase-storage:17.0.0] AndroidManifest.xml:31:13-33:85
120                android:name="com.google.firebase.components:com.google.firebase.storage.StorageRegistrar"
120-->[com.google.firebase:firebase-storage:17.0.0] AndroidManifest.xml:32:17-107
121                android:value="com.google.firebase.components.ComponentRegistrar" />
121-->[com.google.firebase:firebase-storage:17.0.0] AndroidManifest.xml:33:17-82
122            <meta-data
122-->[com.google.firebase:firebase-database:17.0.0] AndroidManifest.xml:30:13-32:85
123                android:name="com.google.firebase.components:com.google.firebase.database.DatabaseRegistrar"
123-->[com.google.firebase:firebase-database:17.0.0] AndroidManifest.xml:31:17-109
124                android:value="com.google.firebase.components.ComponentRegistrar" />
124-->[com.google.firebase:firebase-database:17.0.0] AndroidManifest.xml:32:17-82
125            <meta-data
125-->[com.google.firebase:firebase-iid:20.3.0] AndroidManifest.xml:32:13-34:85
126                android:name="com.google.firebase.components:com.google.firebase.iid.Registrar"
126-->[com.google.firebase:firebase-iid:20.3.0] AndroidManifest.xml:33:17-96
127                android:value="com.google.firebase.components.ComponentRegistrar" />
127-->[com.google.firebase:firebase-iid:20.3.0] AndroidManifest.xml:34:17-82
128            <meta-data
128-->[com.google.firebase:firebase-datatransport:17.0.3] AndroidManifest.xml:28:13-30:85
129                android:name="com.google.firebase.components:com.google.firebase.datatransport.TransportRegistrar"
129-->[com.google.firebase:firebase-datatransport:17.0.3] AndroidManifest.xml:29:17-115
130                android:value="com.google.firebase.components.ComponentRegistrar" />
130-->[com.google.firebase:firebase-datatransport:17.0.3] AndroidManifest.xml:30:17-82
131            <meta-data
131-->[com.google.firebase:firebase-installations:16.3.3] AndroidManifest.xml:17:13-19:85
132                android:name="com.google.firebase.components:com.google.firebase.installations.FirebaseInstallationsRegistrar"
132-->[com.google.firebase:firebase-installations:16.3.3] AndroidManifest.xml:18:17-127
133                android:value="com.google.firebase.components.ComponentRegistrar" />
133-->[com.google.firebase:firebase-installations:16.3.3] AndroidManifest.xml:19:17-82
134        </service>
135
136        <activity
136-->[com.google.firebase:firebase-auth:19.3.2] AndroidManifest.xml:24:9-31:50
137            android:name="com.google.firebase.auth.internal.FederatedSignInActivity"
137-->[com.google.firebase:firebase-auth:19.3.2] AndroidManifest.xml:25:13-85
138            android:excludeFromRecents="true"
138-->[com.google.firebase:firebase-auth:19.3.2] AndroidManifest.xml:26:13-46
139            android:exported="true"
139-->[com.google.firebase:firebase-auth:19.3.2] AndroidManifest.xml:27:13-36
140            android:launchMode="singleTask"
140-->[com.google.firebase:firebase-auth:19.3.2] AndroidManifest.xml:28:13-44
141            android:permission="com.google.firebase.auth.api.gms.permission.LAUNCH_FEDERATED_SIGN_IN"
141-->[com.google.firebase:firebase-auth:19.3.2] AndroidManifest.xml:29:13-102
142            android:theme="@android:style/Theme.Translucent.NoTitleBar" />
142-->[com.google.firebase:firebase-auth:19.3.2] AndroidManifest.xml:30:13-72
143
144        <service android:name="io.flutter.plugins.firebasemessaging.FlutterFirebaseMessagingService" >
144-->[:firebase_messaging] AndroidManifest.xml:8:9-12:19
144-->[:firebase_messaging] AndroidManifest.xml:8:18-101
145            <intent-filter>
145-->[:firebase_messaging] AndroidManifest.xml:9:13-11:29
146                <action android:name="com.google.firebase.MESSAGING_EVENT" />
146-->[:firebase_messaging] AndroidManifest.xml:10:17-78
146-->[:firebase_messaging] AndroidManifest.xml:10:25-75
147            </intent-filter>
148        </service>
149        <!--
150             FirebaseMessagingService performs security checks at runtime,
151             but set to not exported to explicitly avoid allowing another app to call it.
152        -->
153        <service
153-->[com.google.firebase:firebase-messaging:20.3.0] AndroidManifest.xml:28:9-35:19
154            android:name="com.google.firebase.messaging.FirebaseMessagingService"
154-->[com.google.firebase:firebase-messaging:20.3.0] AndroidManifest.xml:29:13-82
155            android:directBootAware="true"
155-->[com.google.firebase:firebase-messaging:20.3.0] AndroidManifest.xml:30:13-43
156            android:exported="false" >
156-->[com.google.firebase:firebase-messaging:20.3.0] AndroidManifest.xml:31:13-37
157            <intent-filter android:priority="-500" >
157-->[:firebase_messaging] AndroidManifest.xml:9:13-11:29
158                <action android:name="com.google.firebase.MESSAGING_EVENT" />
158-->[:firebase_messaging] AndroidManifest.xml:10:17-78
158-->[:firebase_messaging] AndroidManifest.xml:10:25-75
159            </intent-filter>
160        </service>
161
162        <provider
162-->[:image_picker] AndroidManifest.xml:11:9-19:20
163            android:name="io.flutter.plugins.imagepicker.ImagePickerFileProvider"
163-->[:image_picker] AndroidManifest.xml:12:13-82
164            android:authorities="com.example.myarogya_mydoctor.flutter.image_provider"
164-->[:image_picker] AndroidManifest.xml:13:13-74
165            android:exported="false"
165-->[:image_picker] AndroidManifest.xml:14:13-37
166            android:grantUriPermissions="true" >
166-->[:image_picker] AndroidManifest.xml:15:13-47
167            <meta-data
167-->[:image_picker] AndroidManifest.xml:16:13-18:75
168                android:name="android.support.FILE_PROVIDER_PATHS"
168-->[:image_picker] AndroidManifest.xml:17:17-67
169                android:resource="@xml/flutter_image_picker_file_paths" />
169-->[:image_picker] AndroidManifest.xml:18:17-72
170        </provider>
171
172        <activity
172-->[:url_launcher] AndroidManifest.xml:8:9-11:74
173            android:name="io.flutter.plugins.urllauncher.WebViewActivity"
173-->[:url_launcher] AndroidManifest.xml:9:13-74
174            android:exported="false"
174-->[:url_launcher] AndroidManifest.xml:10:13-37
175            android:theme="@android:style/Theme.NoTitleBar.Fullscreen" />
175-->[:url_launcher] AndroidManifest.xml:11:13-71
176
177        <receiver
177-->[com.google.android.gms:play-services-measurement:17.5.0] AndroidManifest.xml:29:9-33:20
178            android:name="com.google.android.gms.measurement.AppMeasurementReceiver"
178-->[com.google.android.gms:play-services-measurement:17.5.0] AndroidManifest.xml:30:13-85
179            android:enabled="true"
179-->[com.google.android.gms:play-services-measurement:17.5.0] AndroidManifest.xml:31:13-35
180            android:exported="false" >
180-->[com.google.android.gms:play-services-measurement:17.5.0] AndroidManifest.xml:32:13-37
181        </receiver>
182
183        <service
183-->[com.google.android.gms:play-services-measurement:17.5.0] AndroidManifest.xml:35:9-38:40
184            android:name="com.google.android.gms.measurement.AppMeasurementService"
184-->[com.google.android.gms:play-services-measurement:17.5.0] AndroidManifest.xml:36:13-84
185            android:enabled="true"
185-->[com.google.android.gms:play-services-measurement:17.5.0] AndroidManifest.xml:37:13-35
186            android:exported="false" />
186-->[com.google.android.gms:play-services-measurement:17.5.0] AndroidManifest.xml:38:13-37
187        <service
187-->[com.google.android.gms:play-services-measurement:17.5.0] AndroidManifest.xml:39:9-43:72
188            android:name="com.google.android.gms.measurement.AppMeasurementJobService"
188-->[com.google.android.gms:play-services-measurement:17.5.0] AndroidManifest.xml:40:13-87
189            android:enabled="true"
189-->[com.google.android.gms:play-services-measurement:17.5.0] AndroidManifest.xml:41:13-35
190            android:exported="false"
190-->[com.google.android.gms:play-services-measurement:17.5.0] AndroidManifest.xml:42:13-37
191            android:permission="android.permission.BIND_JOB_SERVICE" />
191-->[com.google.android.gms:play-services-measurement:17.5.0] AndroidManifest.xml:43:13-69
192
193        <receiver
193-->[com.google.firebase:firebase-iid:20.3.0] AndroidManifest.xml:37:9-44:20
194            android:name="com.google.firebase.iid.FirebaseInstanceIdReceiver"
194-->[com.google.firebase:firebase-iid:20.3.0] AndroidManifest.xml:38:13-78
195            android:exported="true"
195-->[com.google.firebase:firebase-iid:20.3.0] AndroidManifest.xml:39:13-36
196            android:permission="com.google.android.c2dm.permission.SEND" >
196-->[com.google.firebase:firebase-iid:20.3.0] AndroidManifest.xml:40:13-73
197            <intent-filter>
197-->[com.google.firebase:firebase-iid:20.3.0] AndroidManifest.xml:41:13-43:29
198                <action android:name="com.google.android.c2dm.intent.RECEIVE" />
198-->[com.google.firebase:firebase-iid:20.3.0] AndroidManifest.xml:42:17-81
198-->[com.google.firebase:firebase-iid:20.3.0] AndroidManifest.xml:42:25-78
199            </intent-filter>
200        </receiver>
201
202        <activity
202-->[com.google.android.gms:play-services-base:17.1.0] AndroidManifest.xml:23:9-26:75
203            android:name="com.google.android.gms.common.api.GoogleApiActivity"
203-->[com.google.android.gms:play-services-base:17.1.0] AndroidManifest.xml:24:13-79
204            android:exported="false"
204-->[com.google.android.gms:play-services-base:17.1.0] AndroidManifest.xml:25:13-37
205            android:theme="@android:style/Theme.Translucent.NoTitleBar" />
205-->[com.google.android.gms:play-services-base:17.1.0] AndroidManifest.xml:26:13-72
206
207        <provider
207-->[com.google.firebase:firebase-common:19.3.0] AndroidManifest.xml:26:9-30:39
208            android:name="com.google.firebase.provider.FirebaseInitProvider"
208-->[com.google.firebase:firebase-common:19.3.0] AndroidManifest.xml:27:13-77
209            android:authorities="com.example.myarogya_mydoctor.firebaseinitprovider"
209-->[com.google.firebase:firebase-common:19.3.0] AndroidManifest.xml:28:13-72
210            android:exported="false"
210-->[com.google.firebase:firebase-common:19.3.0] AndroidManifest.xml:29:13-37
211            android:initOrder="100" />
211-->[com.google.firebase:firebase-common:19.3.0] AndroidManifest.xml:30:13-36
212
213        <meta-data
213-->[com.google.android.gms:play-services-basement:17.0.0] AndroidManifest.xml:23:9-25:69
214            android:name="com.google.android.gms.version"
214-->[com.google.android.gms:play-services-basement:17.0.0] AndroidManifest.xml:24:13-58
215            android:value="@integer/google_play_services_version" />
215-->[com.google.android.gms:play-services-basement:17.0.0] AndroidManifest.xml:25:13-66
216
217        <service
217-->[com.google.android.datatransport:transport-backend-cct:2.2.0] AndroidManifest.xml:29:9-35:19
218            android:name="com.google.android.datatransport.runtime.backends.TransportBackendDiscovery"
218-->[com.google.android.datatransport:transport-backend-cct:2.2.0] AndroidManifest.xml:30:13-103
219            android:exported="false" >
219-->[com.google.android.datatransport:transport-backend-cct:2.2.0] AndroidManifest.xml:31:13-37
220            <meta-data
220-->[com.google.android.datatransport:transport-backend-cct:2.2.0] AndroidManifest.xml:32:13-34:39
221                android:name="backend:com.google.android.datatransport.cct.CctBackendFactory"
221-->[com.google.android.datatransport:transport-backend-cct:2.2.0] AndroidManifest.xml:33:17-94
222                android:value="cct" />
222-->[com.google.android.datatransport:transport-backend-cct:2.2.0] AndroidManifest.xml:34:17-36
223        </service>
224        <service
224-->[com.google.android.datatransport:transport-runtime:2.2.0] AndroidManifest.xml:26:9-30:19
225            android:name="com.google.android.datatransport.runtime.scheduling.jobscheduling.JobInfoSchedulerService"
225-->[com.google.android.datatransport:transport-runtime:2.2.0] AndroidManifest.xml:27:13-117
226            android:exported="false"
226-->[com.google.android.datatransport:transport-runtime:2.2.0] AndroidManifest.xml:28:13-37
227            android:permission="android.permission.BIND_JOB_SERVICE" >
227-->[com.google.android.datatransport:transport-runtime:2.2.0] AndroidManifest.xml:29:13-69
228        </service>
229
230        <receiver
230-->[com.google.android.datatransport:transport-runtime:2.2.0] AndroidManifest.xml:32:9-34:40
231            android:name="com.google.android.datatransport.runtime.scheduling.jobscheduling.AlarmManagerSchedulerBroadcastReceiver"
231-->[com.google.android.datatransport:transport-runtime:2.2.0] AndroidManifest.xml:33:13-132
232            android:exported="false" />
232-->[com.google.android.datatransport:transport-runtime:2.2.0] AndroidManifest.xml:34:13-37
233    </application>
234
235</manifest>